[LOG] System::create                           : Header version = 2.02.11. Current version = 2.02.11.
[LOG] Manager::init                            : maxchannels = 256 studioflags = 00000006 flags 00000000 extradriverdata 0000000000000000.
[LOG] SystemI::init                            : Initialize version=20211 (130436), maxchannels=256, flags=0x00020000
[LOG] SystemI::setOutputInternal               : Setting output to 'FMOD WASAPI Output'
[LOG] OutputWASAPI::init                       : Mix Format (WAVEFORMATEX): wFormatTag=0xFFFE, nChannels=2, nSamplesPerSec=48000, nAvgBytesPerSec=384000, nBlockAlign=8, wBitsPerSample=32, cbSize=22.
[LOG] OutputWASAPI::init                       : Mix Format (WAVEFORMATEXTENSIBLE): wValidBitsPerSample=32, dwChannelMask=0x00000003, SubFormat=00000003-0000-0010-8000-00AA00389B71.
[LOG] OutputWASAPI::init                       : Output buffer size: 4096 samples, latency: 0.00ms, period: 10.00ms, DSP buffer: 1024 * 4
[LOG] Thread::initThread                       : Init FMOD stream thread. Affinity: 0x4000000000000003, Priority: 0xFFFF7FFB, Stack Size: 98304, Semaphore: No, Sleep Time: 10, Looping: Yes.
[LOG] Thread::initThread                       : Init FMOD mixer thread. Affinity: 0x4000000000000001, Priority: 0xFFFF7FFA, Stack Size: 81920, Semaphore: No, Sleep Time: 0, Looping: Yes.
[LOG] AsyncManager::init                       : manager 0000029F3E91EF68 isAsync 0 updatePeriod 0.02
[LOG] AsyncManager::init                       : done
[LOG] PlaybackSystem::init                     : 
[LOG] Thread::initThread                       : Init FMOD Studio sample load thread. Affinity: 0x4000000000000003, Priority: 0xFFFF7FFD, Stack Size: 98304, Semaphore: No, Sleep Time: 1, Looping: No.
[LOG] PlaybackSystem::init                     : done
[LOG] Thread::initThread                       : Init FMOD Studio bank load thread. Affinity: 0x4000000000000003, Priority: 0xFFFF7FFD, Stack Size: 98304, Semaphore: No, Sleep Time: 1, Looping: No.
[LOG] Manager::init                            : done.
[LOG] Manager::readBank                        : fileversion = 135, compatVersion = 132 (oldest = 44, newest = 142)
[LOG] Manager::readBank                        : fileversion = 135, compatVersion = 132 (oldest = 44, newest = 142)
[LOG] Manager::readBank                        : fileversion = 135, compatVersion = 132 (oldest = 44, newest = 142)
[LOG] PlaybackSystem::acquireMasterBus         : Setting master channel group format to 6
[LOG] SystemI::createSoundInternal             : Create name='', mode=0x02000202
[LOG] SystemI::createSoundInternal             : exinfo->cbsize             = 224
[LOG] SystemI::createSoundInternal             : exinfo->length             = 3997440
[LOG] SystemI::createSoundInternal             : exinfo->fileoffset         = 35872
[LOG] SystemI::createSoundInternal             : exinfo->numsubsounds       = 1
[LOG] SystemI::createSoundInternal             : exinfo->inclusionlist      = 000000E5EFB4F018
[LOG] SystemI::createSoundInternal             : exinfo->inclusionlistnum   = 1
[LOG] SystemI::createSoundInternal             : exinfo->suggestedsoundtype = 5
[LOG] SystemI::createSoundInternal             : exinfo->useropen           = 00007FFDC4EB3490
[LOG] SystemI::createSoundInternal             : exinfo->userclose          = 00007FFDC4EB3450
[LOG] SystemI::createSoundInternal             : exinfo->userread           = 00007FFDC4EB3570
[LOG] SystemI::createSoundInternal             : exinfo->userseek           = 00007FFDC4EB3630
[LOG] SystemI::createSoundInternal             : exinfo->fileuserdata       = 0000029F25AD6A68
[LOG] SystemI::createSoundInternal             : exinfo->initialseekpostype = 1
[LOG] SystemI::DSPCodecPoolRegister            : register codec pool for pool type 5
[LOG] SystemI::createSoundInternal             : Sample 0/1: name='PickupBlood-001', format=5, channels=2, frequency=48000, lengthbytes=3392, lengthpcm=13579, pcmblocksize=0, loopstart=0, loopend=0, mode=0x00000000, channelmask=0x00000000, channelorder=0, peakvolume=0.356384.
[LOG] SystemI::createSoundInternal             : Create name='', mode=0x02000202
[LOG] SystemI::createSoundInternal             : exinfo->cbsize             = 224
[LOG] SystemI::createSoundInternal             : exinfo->length             = 3997440
[LOG] SystemI::createSoundInternal             : exinfo->fileoffset         = 35872
[LOG] SystemI::createSoundInternal             : exinfo->numsubsounds       = 1
[LOG] SystemI::createSoundInternal             : exinfo->inclusionlist      = 000000E5EFB4F018
[LOG] SystemI::createSoundInternal             : exinfo->inclusionlistnum   = 1
[LOG] SystemI::createSoundInternal             : exinfo->suggestedsoundtype = 5
[LOG] SystemI::createSoundInternal             : exinfo->useropen           = 00007FFDC4EB3490
[LOG] SystemI::createSoundInternal             : exinfo->userclose          = 00007FFDC4EB3450
[LOG] SystemI::createSoundInternal             : exinfo->userread           = 00007FFDC4EB3570
[LOG] SystemI::createSoundInternal             : exinfo->userseek           = 00007FFDC4EB3630
[LOG] SystemI::createSoundInternal             : exinfo->fileuserdata       = 0000029F25AD6A68
[LOG] SystemI::createSoundInternal             : exinfo->initialseekpostype = 1
[LOG] SystemI::DSPCodecPoolRegister            : register codec pool for pool type 5
[LOG] SystemI::createSoundInternal             : Sample 0/1: name='PickupBlood-003', format=5, channels=2, frequency=48000, lengthbytes=3392, lengthpcm=13579, pcmblocksize=0, loopstart=0, loopend=0, mode=0x00000000, channelmask=0x00000000, channelorder=0, peakvolume=0.344391.
[LOG] SystemI::createSoundInternal             : Create name='', mode=0x02000202
[LOG] SystemI::createSoundInternal             : exinfo->cbsize             = 224
[LOG] SystemI::createSoundInternal             : exinfo->length             = 3997440
[LOG] SystemI::createSoundInternal             : exinfo->fileoffset         = 35872
[LOG] SystemI::createSoundInternal             : exinfo->numsubsounds       = 1
[LOG] SystemI::createSoundInternal             : exinfo->inclusionlist      = 000000E5EFB4F018
[LOG] SystemI::createSoundInternal             : exinfo->inclusionlistnum   = 1
[LOG] SystemI::createSoundInternal             : exinfo->suggestedsoundtype = 5
[LOG] SystemI::createSoundInternal             : exinfo->useropen           = 00007FFDC4EB3490
[LOG] SystemI::createSoundInternal             : exinfo->userclose          = 00007FFDC4EB3450
[LOG] SystemI::createSoundInternal             : exinfo->userread           = 00007FFDC4EB3570
[LOG] SystemI::createSoundInternal             : exinfo->userseek           = 00007FFDC4EB3630
[LOG] SystemI::createSoundInternal             : exinfo->fileuserdata       = 0000029F25AD6A68
[LOG] SystemI::createSoundInternal             : exinfo->initialseekpostype = 1
[LOG] SystemI::DSPCodecPoolRegister            : register codec pool for pool type 5
[LOG] SystemI::createSoundInternal             : Sample 0/1: name='PickupBlood-002', format=5, channels=2, frequency=48000, lengthbytes=3104, lengthpcm=13579, pcmblocksize=0, loopstart=0, loopend=0, mode=0x00000000, channelmask=0x00000000, channelorder=0, peakvolume=0.312653.
[LOG] SystemI::createSoundInternal             : Create name='', mode=0x02000202
[LOG] SystemI::createSoundInternal             : exinfo->cbsize             = 224
[LOG] SystemI::createSoundInternal             : exinfo->length             = 3997440
[LOG] SystemI::createSoundInternal             : exinfo->fileoffset         = 35872
[LOG] SystemI::createSoundInternal             : exinfo->numsubsounds       = 1
[LOG] SystemI::createSoundInternal             : exinfo->inclusionlist      = 000000E5EFB4F018
[LOG] SystemI::createSoundInternal             : exinfo->inclusionlistnum   = 1
[LOG] SystemI::createSoundInternal             : exinfo->suggestedsoundtype = 5
[LOG] SystemI::createSoundInternal             : exinfo->useropen           = 00007FFDC4EB3490
[LOG] SystemI::createSoundInternal             : exinfo->userclose          = 00007FFDC4EB3450
[LOG] SystemI::createSoundInternal             : exinfo->userread           = 00007FFDC4EB3570
[LOG] SystemI::createSoundInternal             : exinfo->userseek           = 00007FFDC4EB3630
[LOG] SystemI::createSoundInternal             : exinfo->fileuserdata       = 0000029F25AD51A8
[LOG] SystemI::createSoundInternal             : exinfo->initialseekpostype = 1
[LOG] SystemI::DSPCodecPoolRegister            : register codec pool for pool type 5
[LOG] SystemI::createSoundInternal             : Sample 0/1: name='Upgrade', format=5, channels=2, frequency=48000, lengthbytes=3040, lengthpcm=22348, pcmblocksize=0, loopstart=0, loopend=0, mode=0x00000000, channelmask=0x00000000, channelorder=0, peakvolume=0.067413.
[LOG] SoundI::release                          : kf014505-swelling-drums (0000029E7874F8A8)
[LOG] SoundI::release                          :     kf014505-swelling-drums (0000029F3F070538)
[LOG] SoundI::release                          :     kf014505-swelling-drums (0000029E99DF5578)
[LOG] SoundI::release                          :  (0000029F294C0388)
[LOG] SoundI::release                          :     PickupBlood-001 (0000029E9A146678)
[LOG] SoundI::release                          :  (0000029F294C0668)
[LOG] SoundI::release                          :     PickupBlood-002 (0000029E9A14A938)
[LOG] SoundI::release                          :  (0000029F294BFF38)
[LOG] SoundI::release                          :     PickupBlood-003 (0000029E9A0F6168)
[LOG] SoundI::release                          :  (0000029F294C0218)
[LOG] SoundI::release                          :     Upgrade (0000029E9A147D28)
[LOG] SoundI::release                          :  (0000029F2D2F2F08)
[LOG] SoundI::release                          :     DeliverBlood-001 (0000029F3EE0CF88)
[LOG] SoundI::release                          :  (0000029F2D2F37A8)
[LOG] SoundI::release                          :     DeliverBlood-002 (0000029F3EE0CC48)
[LOG] SoundI::release                          :  (0000029F2D2F2D98)
[LOG] SoundI::release                          :     DeliverBlood-003 (0000029F3EE0D128)
[LOG] Thread::callback                         : FMOD Studio update thread finished.
[LOG] Thread::callback                         : FMOD Studio bank load thread finished.
[LOG] Profile::disconnectAll                   : Profiler disconnecting all clients
[LOG] Thread::callback                         : FMOD Studio sample load thread finished.
[LOG] LiveUpdate::release                      : 
[LOG] LiveUpdate::reset                        : Reset connection (reason Disconnected)
[LOG] Thread::callback                         : FMOD stream thread finished.
[LOG] Thread::callback                         : FMOD mixer thread finished.
[LOG] Profile::disconnectAll                   : Profiler disconnecting all clients
[LOG] SystemI::close                           : Closed.
[LOG] Thread::callback                         : FMOD Studio bank load thread finished.
[LOG] Thread::callback                         : FMOD Studio sample load thread finished.
[LOG] LiveUpdate::release                      : 
[LOG] LiveUpdate::reset                        : Reset connection (reason Disconnected)
[LOG] Thread::callback                         : FMOD stream thread finished.
[LOG] Thread::callback                         : FMOD mixer thread finished.
[LOG] SystemI::close                           : Closed.
[LOG] Thread::callback                         : FMOD nonblocking thread (0) finished.
[LOG] Thread::callback                         : FMOD file thread finished.
